2021-08-06 14:49:23,544 - root - INFO - user_management  - 61 - 开始执行	停用正常用户	测试用例
2021-08-06 14:49:23,565 - root - INFO - user_management  - 63 - 正在进行对比
2021-08-06 14:49:23,570 - root - INFO - user_management  - 61 - 开始执行	停用id为空	测试用例
2021-08-06 14:49:23,588 - root - INFO - user_management  - 63 - 正在进行对比
2021-08-06 14:49:23,590 - root - INFO - user_management  - 61 - 开始执行	停用admin用户	测试用例
2021-08-06 14:49:23,610 - root - INFO - user_management  - 63 - 正在进行对比
2021-08-06 14:49:23,613 - root - INFO - user_management  - 61 - 开始执行	启用已停用用户	测试用例
2021-08-06 14:49:23,634 - root - INFO - user_management  - 63 - 正在进行对比
2021-08-06 14:49:23,636 - root - INFO - user_management  - 61 - 开始执行	启用id为空	测试用例
2021-08-06 14:49:23,655 - root - INFO - user_management  - 63 - 正在进行对比
2021-08-06 14:49:23,658 - root - INFO - user_management  - 52 - 开始执行	修改账号名称为正确数据	测试用例
2021-08-06 14:49:23,678 - root - INFO - user_management  - 54 - 正在进行对比
2021-08-06 14:49:23,681 - root - INFO - user_management  - 52 - 开始执行	修改账号名称为空	测试用例
2021-08-06 14:49:23,706 - root - INFO - user_management  - 54 - 正在进行对比
2021-08-06 14:49:23,710 - root - INFO - user_management  - 52 - 开始执行	修改账号名称已存在	测试用例
2021-08-06 14:49:23,730 - root - INFO - user_management  - 54 - 正在进行对比
2021-08-06 14:49:23,734 - root - INFO - user_management  - 52 - 开始执行	record为空	测试用例
2021-08-06 14:49:23,756 - root - INFO - user_management  - 54 - 正在进行对比
2021-08-06 14:49:23,759 - root - INFO - user_management  - 52 - 开始执行	record错误	测试用例
2021-08-06 14:49:23,783 - root - INFO - user_management  - 54 - 正在进行对比
2021-08-06 14:49:44,436 - root - INFO - user_management  - 61 - 开始执行	停用正常用户	测试用例
2021-08-06 14:49:44,463 - root - INFO - user_management  - 63 - 正在进行对比
2021-08-06 14:49:44,469 - root - INFO - user_management  - 61 - 开始执行	停用id为空	测试用例
2021-08-06 14:49:44,488 - root - INFO - user_management  - 63 - 正在进行对比
2021-08-06 14:49:44,490 - root - INFO - user_management  - 61 - 开始执行	停用admin用户	测试用例
2021-08-06 14:49:44,504 - root - INFO - user_management  - 63 - 正在进行对比
2021-08-06 14:49:44,507 - root - INFO - user_management  - 61 - 开始执行	启用已停用用户	测试用例
2021-08-06 14:49:44,520 - root - INFO - user_management  - 63 - 正在进行对比
2021-08-06 14:49:44,523 - root - INFO - user_management  - 61 - 开始执行	启用id为空	测试用例
2021-08-06 14:49:44,535 - root - INFO - user_management  - 63 - 正在进行对比
2021-08-06 14:49:44,537 - root - INFO - user_management  - 52 - 开始执行	修改账号名称为正确数据	测试用例
2021-08-06 14:49:44,548 - root - INFO - user_management  - 54 - 正在进行对比
2021-08-06 14:49:44,550 - root - INFO - user_management  - 52 - 开始执行	修改账号名称为空	测试用例
2021-08-06 14:49:44,561 - root - INFO - user_management  - 54 - 正在进行对比
2021-08-06 14:49:44,563 - root - INFO - user_management  - 52 - 开始执行	修改账号名称已存在	测试用例
2021-08-06 14:49:44,577 - root - INFO - user_management  - 54 - 正在进行对比
2021-08-06 14:49:44,580 - root - INFO - user_management  - 52 - 开始执行	record为空	测试用例
2021-08-06 14:49:44,605 - root - INFO - user_management  - 54 - 正在进行对比
2021-08-06 14:49:44,609 - root - INFO - user_management  - 52 - 开始执行	record错误	测试用例
2021-08-06 14:49:44,637 - root - INFO - user_management  - 54 - 正在进行对比
2021-08-06 14:50:55,358 - root - INFO - user_management  - 40 - 开始执行	密码为13位字符	测试用例
2021-08-06 14:50:55,537 - root - INFO - user_management  - 42 - 正在进行对比
2021-08-06 14:50:55,540 - root - INFO - user_management  - 43 - case:密码为13位字符，
请求地址：http://192.168.220.1:8080/users/save	请求方式:POST
请求头：{'User-Agent': 'python-requests/2.22.0', 'Accept-Encoding': 'gzip, deflate', 'Accept': '*/*', 'Connection': 'keep-alive', 'Cookie': 'JSESSIONID=b08930c8-1e06-48bc-9469-faddc1eeb7ee; sys__username=; sys__password=', 'Content-Type': 'application/x-www-form-urlencoded; charset=UTF-8', 'Content-Length': '186'}
请求正文：departmentid.id=462&directsuperior.id=&is_admin=pt&mailbox=&password=123qw&roleid.id=&sequence=100&status=Active&username=姓名&record=6148&account=125439&mobile=17665487243
响应头：{'Access-Control-Allow-Origin': '*', 'Access-Control-Allow-Methods': '*', 'Access-Control-Allow-Headers': '*', 'Access-Control-Max-Age': '1800', 'Content-Type': 'application/json', 'Transfer-Encoding': 'chunked', 'Date': 'Fri, 06 Aug 2021 06:50:55 GMT', 'Keep-Alive': 'timeout=60', 'Connection': 'keep-alive'}
响应正文：{"msg":"密码长度不能小于6位","code":500,"message":"密码长度不能小于6位"}
预期结果"code":500

2021-08-06 14:50:55,711 - root - INFO - user_management  - 40 - 开始执行	部门为空	测试用例
2021-08-06 14:50:56,184 - root - INFO - user_management  - 42 - 正在进行对比
2021-08-06 14:50:56,185 - root - INFO - user_management  - 43 - case:部门为空，
请求地址：http://192.168.220.1:8080/users/save	请求方式:POST
请求头：{'User-Agent': 'python-requests/2.22.0', 'Accept-Encoding': 'gzip, deflate', 'Accept': '*/*', 'Connection': 'keep-alive', 'Cookie': 'JSESSIONID=b08930c8-1e06-48bc-9469-faddc1eeb7ee; sys__username=; sys__password=', 'Content-Type': 'application/x-www-form-urlencoded; charset=UTF-8', 'Content-Length': '184'}
请求正文：departmentid.id=&directsuperior.id=&is_admin=pt&mailbox=&password=123qwe&roleid.id=&sequence=100&status=Active&username=姓名&record=6149&account=155354&mobile=17685162694
响应头：{'Access-Control-Allow-Origin': '*', 'Access-Control-Allow-Methods': '*', 'Access-Control-Allow-Headers': '*', 'Access-Control-Max-Age': '1800', 'Content-Type': 'application/json', 'Transfer-Encoding': 'chunked', 'Date': 'Fri, 06 Aug 2021 06:50:55 GMT', 'Keep-Alive': 'timeout=60', 'Connection': 'keep-alive'}
响应正文：{"msg":"保存完成！","code":200,"record":"6149","refresh":true,"message":"保存完成！"}
预期结果"code":500

2021-08-06 14:50:56,373 - root - INFO - user_management  - 40 - 开始执行	手机号为空	测试用例
2021-08-06 14:50:56,381 - root - INFO - user_management  - 42 - 正在进行对比
2021-08-06 14:50:56,382 - root - INFO - user_management  - 43 - case:手机号为空，
请求地址：http://192.168.220.1:8080/users/save	请求方式:POST
请求头：{'User-Agent': 'python-requests/2.22.0', 'Accept-Encoding': 'gzip, deflate', 'Accept': '*/*', 'Connection': 'keep-alive', 'Cookie': 'JSESSIONID=b08930c8-1e06-48bc-9469-faddc1eeb7ee; sys__username=; sys__password=', 'Content-Type': 'application/x-www-form-urlencoded; charset=UTF-8', 'Content-Length': '176'}
请求正文：departmentid.id=462&directsuperior.id=&is_admin=pt&mailbox=&password=123qwe&mobile=&roleid.id=&sequence=100&status=Active&username=姓名&record=6150&account=942776
响应头：{'Access-Control-Allow-Origin': '*', 'Access-Control-Allow-Methods': '*', 'Access-Control-Allow-Headers': '*', 'Access-Control-Max-Age': '1800', 'Content-Type': 'application/json', 'Transfer-Encoding': 'chunked', 'Date': 'Fri, 06 Aug 2021 06:50:56 GMT', 'Keep-Alive': 'timeout=60', 'Connection': 'keep-alive'}
响应正文：{"msg":"手机号码不能为空！","code":500,"message":"手机号码不能为空！"}
预期结果"code":500

2021-08-06 14:50:56,575 - root - INFO - user_management  - 40 - 开始执行	手机号已存在	测试用例
2021-08-06 14:50:56,696 - root - INFO - user_management  - 42 - 正在进行对比
2021-08-06 14:50:56,697 - root - INFO - user_management  - 43 - case:手机号已存在，
请求地址：http://192.168.220.1:8080/users/save	请求方式:POST
请求头：{'User-Agent': 'python-requests/2.22.0', 'Accept-Encoding': 'gzip, deflate', 'Accept': '*/*', 'Connection': 'keep-alive', 'Cookie': 'JSESSIONID=b08930c8-1e06-48bc-9469-faddc1eeb7ee; sys__username=; sys__password=', 'Content-Type': 'application/x-www-form-urlencoded; charset=UTF-8', 'Content-Length': '187'}
请求正文：departmentid.id=462&directsuperior.id=&is_admin=pt&mailbox=&password=123qwe&mobile=15974160308&roleid.id=&sequence=100&status=Active&username=姓名&record=6151&account=972356
响应头：{'Access-Control-Allow-Origin': '*', 'Access-Control-Allow-Methods': '*', 'Access-Control-Allow-Headers': '*', 'Access-Control-Max-Age': '1800', 'Content-Type': 'application/json', 'Transfer-Encoding': 'chunked', 'Date': 'Fri, 06 Aug 2021 06:50:56 GMT', 'Keep-Alive': 'timeout=60', 'Connection': 'keep-alive'}
响应正文：{"msg":"手机号码已经存在，请更换后再试。。。","code":500,"message":"手机号码已经存在，请更换后再试。。。"}
预期结果"msg":"手机号码已经存在，请更换后再试。。。"

2021-08-06 14:50:56,819 - root - INFO - user_management  - 40 - 开始执行	手机号错误	测试用例
2021-08-06 14:50:57,273 - root - INFO - user_management  - 42 - 正在进行对比
2021-08-06 14:50:57,275 - root - INFO - user_management  - 43 - case:手机号错误，
请求地址：http://192.168.220.1:8080/users/save	请求方式:POST
请求头：{'User-Agent': 'python-requests/2.22.0', 'Accept-Encoding': 'gzip, deflate', 'Accept': '*/*', 'Connection': 'keep-alive', 'Cookie': 'JSESSIONID=b08930c8-1e06-48bc-9469-faddc1eeb7ee; sys__username=; sys__password=', 'Content-Type': 'application/x-www-form-urlencoded; charset=UTF-8', 'Content-Length': '179'}
请求正文：departmentid.id=462&directsuperior.id=&is_admin=pt&mailbox=&password=123qwe&mobile=110&roleid.id=&sequence=100&status=Active&username=姓名&record=6152&account=172563
响应头：{'Access-Control-Allow-Origin': '*', 'Access-Control-Allow-Methods': '*', 'Access-Control-Allow-Headers': '*', 'Access-Control-Max-Age': '1800', 'Content-Type': 'application/json', 'Transfer-Encoding': 'chunked', 'Date': 'Fri, 06 Aug 2021 06:50:56 GMT', 'Keep-Alive': 'timeout=60', 'Connection': 'keep-alive'}
响应正文：{"msg":"保存完成！","code":200,"record":"6152","refresh":true,"message":"保存完成！"}
预期结果"code":500

2021-08-06 14:50:57,430 - root - INFO - user_management  - 40 - 开始执行	排序号为空	测试用例
2021-08-06 14:50:57,922 - root - INFO - user_management  - 42 - 正在进行对比
2021-08-06 14:50:57,923 - root - INFO - user_management  - 43 - case:排序号为空，
请求地址：http://192.168.220.1:8080/users/save	请求方式:POST
请求头：{'User-Agent': 'python-requests/2.22.0', 'Accept-Encoding': 'gzip, deflate', 'Accept': '*/*', 'Connection': 'keep-alive', 'Cookie': 'JSESSIONID=b08930c8-1e06-48bc-9469-faddc1eeb7ee; sys__username=; sys__password=', 'Content-Type': 'application/x-www-form-urlencoded; charset=UTF-8', 'Content-Length': '184'}
请求正文：departmentid.id=462&directsuperior.id=&is_admin=pt&mailbox=&password=123qwe&roleid.id=&sequence=&status=Active&username=姓名&record=6153&account=995593&mobile=17611767516
响应头：{'Access-Control-Allow-Origin': '*', 'Access-Control-Allow-Methods': '*', 'Access-Control-Allow-Headers': '*', 'Access-Control-Max-Age': '1800', 'Content-Type': 'application/json', 'Transfer-Encoding': 'chunked', 'Date': 'Fri, 06 Aug 2021 06:50:57 GMT', 'Keep-Alive': 'timeout=60', 'Connection': 'keep-alive'}
响应正文：{"msg":"保存完成！","code":200,"record":"6153","refresh":true,"message":"保存完成！"}
预期结果"code":500

2021-08-06 14:50:58,068 - root - INFO - user_management  - 40 - 开始执行	用户类型为空	测试用例
2021-08-06 14:50:58,455 - root - INFO - user_management  - 42 - 正在进行对比
2021-08-06 14:50:58,457 - root - INFO - user_management  - 43 - case:用户类型为空，
请求地址：http://192.168.220.1:8080/users/save	请求方式:POST
请求头：{'User-Agent': 'python-requests/2.22.0', 'Accept-Encoding': 'gzip, deflate', 'Accept': '*/*', 'Connection': 'keep-alive', 'Cookie': 'JSESSIONID=b08930c8-1e06-48bc-9469-faddc1eeb7ee; sys__username=; sys__password=', 'Content-Type': 'application/x-www-form-urlencoded; charset=UTF-8', 'Content-Length': '185'}
请求正文：departmentid.id=462&directsuperior.id=&is_admin=&mailbox=&password=123qwe&roleid.id=&sequence=100&status=Active&username=姓名&record=6154&account=789621&mobile=17662533959
响应头：{'Access-Control-Allow-Origin': '*', 'Access-Control-Allow-Methods': '*', 'Access-Control-Allow-Headers': '*', 'Access-Control-Max-Age': '1800', 'Content-Type': 'application/json', 'Transfer-Encoding': 'chunked', 'Date': 'Fri, 06 Aug 2021 06:50:58 GMT', 'Keep-Alive': 'timeout=60', 'Connection': 'keep-alive'}
响应正文：{"msg":"创建用户失败，请稍后再试。。。","code":500,"message":"创建用户失败，请稍后再试。。。"}
预期结果"msg":"创建用户失败，请稍后再试。。。"

2021-08-06 14:50:58,610 - root - INFO - user_management  - 40 - 开始执行	账号名称为空	测试用例
2021-08-06 14:50:58,619 - root - INFO - user_management  - 42 - 正在进行对比
2021-08-06 14:50:58,620 - root - INFO - user_management  - 43 - case:账号名称为空，
请求地址：http://192.168.220.1:8080/users/save	请求方式:POST
请求头：{'User-Agent': 'python-requests/2.22.0', 'Accept-Encoding': 'gzip, deflate', 'Accept': '*/*', 'Connection': 'keep-alive', 'Cookie': 'JSESSIONID=b08930c8-1e06-48bc-9469-faddc1eeb7ee; sys__username=; sys__password=', 'Content-Type': 'application/x-www-form-urlencoded; charset=UTF-8', 'Content-Length': '181'}
请求正文：account=&departmentid.id=462&directsuperior.id=&is_admin=pt&mailbox=&password=123qwe&roleid.id=&sequence=100&status=Active&username=姓名&record=6155&mobile=17668411242
响应头：{'Access-Control-Allow-Origin': '*', 'Access-Control-Allow-Methods': '*', 'Access-Control-Allow-Headers': '*', 'Access-Control-Max-Age': '1800', 'Content-Type': 'application/json', 'Transfer-Encoding': 'chunked', 'Date': 'Fri, 06 Aug 2021 06:50:58 GMT', 'Keep-Alive': 'timeout=60', 'Connection': 'keep-alive'}
响应正文：{"msg":"账户名称不能为空！","code":500,"message":"账户名称不能为空！"}
预期结果"code":500

2021-08-06 14:50:58,765 - root - INFO - user_management  - 40 - 开始执行	账号名称已存在	测试用例
2021-08-06 14:50:58,839 - root - INFO - user_management  - 42 - 正在进行对比
2021-08-06 14:50:58,842 - root - INFO - user_management  - 43 - case:账号名称已存在，
请求地址：http://192.168.220.1:8080/users/save	请求方式:POST
请求头：{'User-Agent': 'python-requests/2.22.0', 'Accept-Encoding': 'gzip, deflate', 'Accept': '*/*', 'Connection': 'keep-alive', 'Cookie': 'JSESSIONID=b08930c8-1e06-48bc-9469-faddc1eeb7ee; sys__username=; sys__password=', 'Content-Type': 'application/x-www-form-urlencoded; charset=UTF-8', 'Content-Length': '186'}
请求正文：account=admin&departmentid.id=462&directsuperior.id=&is_admin=pt&mailbox=&password=123qwe&roleid.id=&sequence=100&status=Active&username=姓名&record=6156&mobile=17677645928
响应头：{'Access-Control-Allow-Origin': '*', 'Access-Control-Allow-Methods': '*', 'Access-Control-Allow-Headers': '*', 'Access-Control-Max-Age': '1800', 'Content-Type': 'application/json', 'Transfer-Encoding': 'chunked', 'Date': 'Fri, 06 Aug 2021 06:50:58 GMT', 'Keep-Alive': 'timeout=60', 'Connection': 'keep-alive'}
响应正文：{"msg":"账户名称已经存在，请更换后再试。。。","code":500,"message":"账户名称已经存在，请更换后再试。。。"}
预期结果"msg":"账户名称已经存在，请更换后再试。。。"

2021-08-06 14:50:58,992 - root - INFO - user_management  - 40 - 开始执行	姓名为空	测试用例
2021-08-06 14:50:59,429 - root - INFO - user_management  - 42 - 正在进行对比
2021-08-06 14:50:59,430 - root - INFO - user_management  - 43 - case:姓名为空，
请求地址：http://192.168.220.1:8080/users/save	请求方式:POST
请求头：{'User-Agent': 'python-requests/2.22.0', 'Accept-Encoding': 'gzip, deflate', 'Accept': '*/*', 'Connection': 'keep-alive', 'Cookie': 'JSESSIONID=b08930c8-1e06-48bc-9469-faddc1eeb7ee; sys__username=; sys__password=', 'Content-Type': 'application/x-www-form-urlencoded; charset=UTF-8', 'Content-Length': '169'}
请求正文：departmentid.id=462&directsuperior.id=&is_admin=pt&mailbox=&password=123qwe&roleid.id=&sequence=100&status=Active&username=&record=6157&account=477918&mobile=17688828472
响应头：{'Access-Control-Allow-Origin': '*', 'Access-Control-Allow-Methods': '*', 'Access-Control-Allow-Headers': '*', 'Access-Control-Max-Age': '1800', 'Content-Type': 'application/json', 'Transfer-Encoding': 'chunked', 'Date': 'Fri, 06 Aug 2021 06:50:58 GMT', 'Keep-Alive': 'timeout=60', 'Connection': 'keep-alive'}
响应正文：{"msg":"保存完成！","code":200,"record":"6157","refresh":true,"message":"保存完成！"}
预期结果"code":500

2021-08-06 14:50:59,576 - root - INFO - user_management  - 40 - 开始执行	密码为空	测试用例
2021-08-06 14:50:59,795 - root - INFO - user_management  - 42 - 正在进行对比
2021-08-06 14:50:59,796 - root - INFO - user_management  - 43 - case:密码为空，
请求地址：http://192.168.220.1:8080/users/save	请求方式:POST
请求头：{'User-Agent': 'python-requests/2.22.0', 'Accept-Encoding': 'gzip, deflate', 'Accept': '*/*', 'Connection': 'keep-alive', 'Cookie': 'JSESSIONID=b08930c8-1e06-48bc-9469-faddc1eeb7ee; sys__username=; sys__password=', 'Content-Type': 'application/x-www-form-urlencoded; charset=UTF-8', 'Content-Length': '181'}
请求正文：departmentid.id=462&directsuperior.id=&is_admin=pt&mailbox=&password=&roleid.id=&sequence=100&status=Active&username=姓名&record=6158&account=918376&mobile=17673214887
响应头：{'Access-Control-Allow-Origin': '*', 'Access-Control-Allow-Methods': '*', 'Access-Control-Allow-Headers': '*', 'Access-Control-Max-Age': '1800', 'Content-Type': 'application/json', 'Transfer-Encoding': 'chunked', 'Date': 'Fri, 06 Aug 2021 06:50:59 GMT', 'Keep-Alive': 'timeout=60', 'Connection': 'keep-alive'}
响应正文：{"msg":"账号密码不能为空","code":500,"message":"账号密码不能为空"}
预期结果"msg":"账号密码不能为空"

2021-08-06 14:50:59,953 - root - INFO - user_management  - 40 - 开始执行	密码为5位字符	测试用例
2021-08-06 14:51:00,140 - root - INFO - user_management  - 42 - 正在进行对比
2021-08-06 14:51:00,141 - root - INFO - user_management  - 43 - case:密码为5位字符，
请求地址：http://192.168.220.1:8080/users/save	请求方式:POST
请求头：{'User-Agent': 'python-requests/2.22.0', 'Accept-Encoding': 'gzip, deflate', 'Accept': '*/*', 'Connection': 'keep-alive', 'Cookie': 'JSESSIONID=b08930c8-1e06-48bc-9469-faddc1eeb7ee; sys__username=; sys__password=', 'Content-Type': 'application/x-www-form-urlencoded; charset=UTF-8', 'Content-Length': '186'}
请求正文：departmentid.id=462&directsuperior.id=&is_admin=pt&mailbox=&password=123qw&roleid.id=&sequence=100&status=Active&username=姓名&record=6159&account=678976&mobile=17627467874
响应头：{'Access-Control-Allow-Origin': '*', 'Access-Control-Allow-Methods': '*', 'Access-Control-Allow-Headers': '*', 'Access-Control-Max-Age': '1800', 'Content-Type': 'application/json', 'Transfer-Encoding': 'chunked', 'Date': 'Fri, 06 Aug 2021 06:50:59 GMT', 'Keep-Alive': 'timeout=60', 'Connection': 'keep-alive'}
响应正文：{"msg":"密码长度不能小于6位","code":500,"message":"密码长度不能小于6位"}
预期结果"msg":"密码长度不能小于6位"

2021-08-06 14:51:00,272 - root - INFO - user_management  - 40 - 开始执行	密码为6位纯数字	测试用例
2021-08-06 14:51:00,431 - root - INFO - user_management  - 42 - 正在进行对比
2021-08-06 14:51:00,432 - root - INFO - user_management  - 43 - case:密码为6位纯数字，
请求地址：http://192.168.220.1:8080/users/save	请求方式:POST
请求头：{'User-Agent': 'python-requests/2.22.0', 'Accept-Encoding': 'gzip, deflate', 'Accept': '*/*', 'Connection': 'keep-alive', 'Cookie': 'JSESSIONID=b08930c8-1e06-48bc-9469-faddc1eeb7ee; sys__username=; sys__password=', 'Content-Type': 'application/x-www-form-urlencoded; charset=UTF-8', 'Content-Length': '187'}
请求正文：departmentid.id=462&directsuperior.id=&is_admin=pt&mailbox=&password=123456&roleid.id=&sequence=100&status=Active&username=姓名&record=6160&account=112721&mobile=17651414875
响应头：{'Access-Control-Allow-Origin': '*', 'Access-Control-Allow-Methods': '*', 'Access-Control-Allow-Headers': '*', 'Access-Control-Max-Age': '1800', 'Content-Type': 'application/json', 'Transfer-Encoding': 'chunked', 'Date': 'Fri, 06 Aug 2021 06:50:59 GMT', 'Keep-Alive': 'timeout=60', 'Connection': 'keep-alive'}
响应正文：{"msg":"密码必须同时包含数字与字母!","code":500,"message":"密码必须同时包含数字与字母!"}
预期结果"msg":"密码必须同时包含数字与字母!"

2021-08-06 14:51:00,593 - root - INFO - user_management  - 40 - 开始执行	密码为6位纯英文	测试用例
2021-08-06 14:51:00,772 - root - INFO - user_management  - 42 - 正在进行对比
2021-08-06 14:51:00,774 - root - INFO - user_management  - 43 - case:密码为6位纯英文，
请求地址：http://192.168.220.1:8080/users/save	请求方式:POST
请求头：{'User-Agent': 'python-requests/2.22.0', 'Accept-Encoding': 'gzip, deflate', 'Accept': '*/*', 'Connection': 'keep-alive', 'Cookie': 'JSESSIONID=b08930c8-1e06-48bc-9469-faddc1eeb7ee; sys__username=; sys__password=', 'Content-Type': 'application/x-www-form-urlencoded; charset=UTF-8', 'Content-Length': '187'}
请求正文：departmentid.id=462&directsuperior.id=&is_admin=pt&mailbox=&password=qwerqw&roleid.id=&sequence=100&status=Active&username=姓名&record=6161&account=628734&mobile=17644775559
响应头：{'Access-Control-Allow-Origin': '*', 'Access-Control-Allow-Methods': '*', 'Access-Control-Allow-Headers': '*', 'Access-Control-Max-Age': '1800', 'Content-Type': 'application/json', 'Transfer-Encoding': 'chunked', 'Date': 'Fri, 06 Aug 2021 06:51:00 GMT', 'Keep-Alive': 'timeout=60', 'Connection': 'keep-alive'}
响应正文：{"msg":"密码必须同时包含数字与字母!","code":500,"message":"密码必须同时包含数字与字母!"}
预期结果"msg":"密码必须同时包含数字与字母!"

2021-08-06 14:51:00,900 - root - INFO - user_management  - 40 - 开始执行	密码为12位纯数字	测试用例
2021-08-06 14:51:01,086 - root - INFO - user_management  - 42 - 正在进行对比
2021-08-06 14:51:01,088 - root - INFO - user_management  - 43 - case:密码为12位纯数字，
请求地址：http://192.168.220.1:8080/users/save	请求方式:POST
请求头：{'User-Agent': 'python-requests/2.22.0', 'Accept-Encoding': 'gzip, deflate', 'Accept': '*/*', 'Connection': 'keep-alive', 'Cookie': 'JSESSIONID=b08930c8-1e06-48bc-9469-faddc1eeb7ee; sys__username=; sys__password=', 'Content-Type': 'application/x-www-form-urlencoded; charset=UTF-8', 'Content-Length': '193'}
请求正文：departmentid.id=462&directsuperior.id=&is_admin=pt&mailbox=&password=123456654321&roleid.id=&sequence=100&status=Active&username=姓名&record=6162&account=691451&mobile=17619696827
响应头：{'Access-Control-Allow-Origin': '*', 'Access-Control-Allow-Methods': '*', 'Access-Control-Allow-Headers': '*', 'Access-Control-Max-Age': '1800', 'Content-Type': 'application/json', 'Transfer-Encoding': 'chunked', 'Date': 'Fri, 06 Aug 2021 06:51:00 GMT', 'Keep-Alive': 'timeout=60', 'Connection': 'keep-alive'}
响应正文：{"msg":"密码必须同时包含数字与字母!","code":500,"message":"密码必须同时包含数字与字母!"}
预期结果"msg":"密码必须同时包含数字与字母!"

2021-08-06 14:51:01,249 - root - INFO - user_management  - 40 - 开始执行	密码为12位纯英文	测试用例
2021-08-06 14:51:01,409 - root - INFO - user_management  - 42 - 正在进行对比
2021-08-06 14:51:01,412 - root - INFO - user_management  - 43 - case:密码为12位纯英文，
请求地址：http://192.168.220.1:8080/users/save	请求方式:POST
请求头：{'User-Agent': 'python-requests/2.22.0', 'Accept-Encoding': 'gzip, deflate', 'Accept': '*/*', 'Connection': 'keep-alive', 'Cookie': 'JSESSIONID=b08930c8-1e06-48bc-9469-faddc1eeb7ee; sys__username=; sys__password=', 'Content-Type': 'application/x-www-form-urlencoded; charset=UTF-8', 'Content-Length': '193'}
请求正文：departmentid.id=462&directsuperior.id=&is_admin=pt&mailbox=&password=qwerqwasdfgh&roleid.id=&sequence=100&status=Active&username=姓名&record=6163&account=354317&mobile=17613313712
响应头：{'Access-Control-Allow-Origin': '*', 'Access-Control-Allow-Methods': '*', 'Access-Control-Allow-Headers': '*', 'Access-Control-Max-Age': '1800', 'Content-Type': 'application/json', 'Transfer-Encoding': 'chunked', 'Date': 'Fri, 06 Aug 2021 06:51:00 GMT', 'Keep-Alive': 'timeout=60', 'Connection': 'keep-alive'}
响应正文：{"msg":"密码必须同时包含数字与字母!","code":500,"message":"密码必须同时包含数字与字母!"}
预期结果"msg":"密码必须同时包含数字与字母!"

2021-08-06 14:51:01,414 - root - INFO - user_management  - 61 - 开始执行	停用正常用户	测试用例
2021-08-06 14:51:01,482 - root - INFO - user_management  - 63 - 正在进行对比
2021-08-06 14:51:01,483 - root - INFO - user_management  - 64 - case:停用正常用户，
请求地址：http://192.168.220.1:8080/users/inactiveAction/ajax	请求方式:POST
请求头：{'User-Agent': 'python-requests/2.22.0', 'Accept-Encoding': 'gzip, deflate', 'Accept': '*/*', 'Connection': 'keep-alive', 'Cookie': 'JSESSIONID=b08930c8-1e06-48bc-9469-faddc1eeb7ee; sys__username=; sys__password=', 'Content-Type': 'application/x-www-form-urlencoded; charset=UTF-8', 'Content-Length': '14'}
请求正文：ids[]=2900
响应头：{'Access-Control-Allow-Origin': '*', 'Access-Control-Allow-Methods': '*', 'Access-Control-Allow-Headers': '*', 'Access-Control-Max-Age': '1800', 'Content-Type': 'application/json', 'Transfer-Encoding': 'chunked', 'Date': 'Fri, 06 Aug 2021 06:51:00 GMT', 'Keep-Alive': 'timeout=60', 'Connection': 'keep-alive'}
响应正文：{"msg":"停用成功！","code":200,"refresh":true,"message":"停用成功！"}
预期结果"msg":"停用成功！"

2021-08-06 14:51:01,485 - root - INFO - user_management  - 61 - 开始执行	停用id为空	测试用例
2021-08-06 14:51:01,491 - root - INFO - user_management  - 63 - 正在进行对比
2021-08-06 14:51:01,492 - root - INFO - user_management  - 64 - case:停用id为空，
请求地址：http://192.168.220.1:8080/users/inactiveAction/ajax	请求方式:POST
请求头：{'User-Agent': 'python-requests/2.22.0', 'Accept-Encoding': 'gzip, deflate', 'Accept': '*/*', 'Connection': 'keep-alive', 'Cookie': 'JSESSIONID=b08930c8-1e06-48bc-9469-faddc1eeb7ee; sys__username=; sys__password=', 'Content-Type': 'application/x-www-form-urlencoded; charset=UTF-8', 'Content-Length': '10'}
请求正文：ids[]=
响应头：{'Access-Control-Allow-Origin': '*', 'Access-Control-Allow-Methods': '*', 'Access-Control-Allow-Headers': '*', 'Access-Control-Max-Age': '1800', 'Content-Type': 'application/json', 'Transfer-Encoding': 'chunked', 'Date': 'Fri, 06 Aug 2021 06:51:00 GMT', 'Keep-Alive': 'timeout=60', 'Connection': 'keep-alive'}
响应正文：{"msg":"停用失败，请稍候再试。。。","code":500,"message":"停用失败，请稍候再试。。。"}
预期结果"msg":"停用失败，请稍候再试。。。"

2021-08-06 14:51:01,494 - root - INFO - user_management  - 61 - 开始执行	停用admin用户	测试用例
2021-08-06 14:51:01,561 - root - INFO - user_management  - 63 - 正在进行对比
2021-08-06 14:51:01,562 - root - INFO - user_management  - 64 - case:停用admin用户，
请求地址：http://192.168.220.1:8080/users/inactiveAction/ajax	请求方式:POST
请求头：{'User-Agent': 'python-requests/2.22.0', 'Accept-Encoding': 'gzip, deflate', 'Accept': '*/*', 'Connection': 'keep-alive', 'Cookie': 'JSESSIONID=b08930c8-1e06-48bc-9469-faddc1eeb7ee; sys__username=; sys__password=', 'Content-Type': 'application/x-www-form-urlencoded; charset=UTF-8', 'Content-Length': '11'}
请求正文：ids[]=1
响应头：{'Access-Control-Allow-Origin': '*', 'Access-Control-Allow-Methods': '*', 'Access-Control-Allow-Headers': '*', 'Access-Control-Max-Age': '1800', 'Content-Type': 'application/json', 'Transfer-Encoding': 'chunked', 'Date': 'Fri, 06 Aug 2021 06:51:00 GMT', 'Keep-Alive': 'timeout=60', 'Connection': 'keep-alive'}
响应正文：{"msg":"【admin】不能被停用！","code":500,"message":"【admin】不能被停用！"}
预期结果"msg":"【admin】不能被停用！"

2021-08-06 14:51:01,564 - root - INFO - user_management  - 61 - 开始执行	启用已停用用户	测试用例
2021-08-06 14:51:01,631 - root - INFO - user_management  - 63 - 正在进行对比
2021-08-06 14:51:01,632 - root - INFO - user_management  - 64 - case:启用已停用用户，
请求地址：http://192.168.220.1:8080/users/activeAction/ajax	请求方式:POST
请求头：{'User-Agent': 'python-requests/2.22.0', 'Accept-Encoding': 'gzip, deflate', 'Accept': '*/*', 'Connection': 'keep-alive', 'Cookie': 'JSESSIONID=b08930c8-1e06-48bc-9469-faddc1eeb7ee; sys__username=; sys__password=', 'Content-Type': 'application/x-www-form-urlencoded; charset=UTF-8', 'Content-Length': '14'}
请求正文：ids[]=2900
响应头：{'Access-Control-Allow-Origin': '*', 'Access-Control-Allow-Methods': '*', 'Access-Control-Allow-Headers': '*', 'Access-Control-Max-Age': '1800', 'Content-Type': 'application/json', 'Transfer-Encoding': 'chunked', 'Date': 'Fri, 06 Aug 2021 06:51:01 GMT', 'Keep-Alive': 'timeout=60', 'Connection': 'keep-alive'}
响应正文：{"msg":"启用成功！","code":200,"refresh":true,"message":"启用成功！"}
预期结果"msg":"启用成功！"

2021-08-06 14:51:01,634 - root - INFO - user_management  - 61 - 开始执行	启用id为空	测试用例
2021-08-06 14:51:01,641 - root - INFO - user_management  - 63 - 正在进行对比
2021-08-06 14:51:01,642 - root - INFO - user_management  - 64 - case:启用id为空，
请求地址：http://192.168.220.1:8080/users/activeAction/ajax	请求方式:POST
请求头：{'User-Agent': 'python-requests/2.22.0', 'Accept-Encoding': 'gzip, deflate', 'Accept': '*/*', 'Connection': 'keep-alive', 'Cookie': 'JSESSIONID=b08930c8-1e06-48bc-9469-faddc1eeb7ee; sys__username=; sys__password=', 'Content-Type': 'application/x-www-form-urlencoded; charset=UTF-8', 'Content-Length': '10'}
请求正文：ids[]=
响应头：{'Access-Control-Allow-Origin': '*', 'Access-Control-Allow-Methods': '*', 'Access-Control-Allow-Headers': '*', 'Access-Control-Max-Age': '1800', 'Content-Type': 'application/json', 'Transfer-Encoding': 'chunked', 'Date': 'Fri, 06 Aug 2021 06:51:01 GMT', 'Keep-Alive': 'timeout=60', 'Connection': 'keep-alive'}
响应正文：{"msg":"启用失败，请稍候再试。。。","code":500,"message":"启用失败，请稍候再试。。。"}
预期结果"msg":"启用失败，请稍候再试。。。"

2021-08-06 14:51:01,646 - root - INFO - user_management  - 52 - 开始执行	修改账号名称为正确数据	测试用例
2021-08-06 14:51:01,833 - root - INFO - user_management  - 54 - 正在进行对比
2021-08-06 14:51:01,835 - root - INFO - user_management  - 55 - case:修改账号名称为正确数据，
请求地址：http://192.168.220.1:8080/users/chanageaccountAction/save	请求方式:POST
请求头：{'User-Agent': 'python-requests/2.22.0', 'Accept-Encoding': 'gzip, deflate', 'Accept': '*/*', 'Connection': 'keep-alive', 'Cookie': 'JSESSIONID=b08930c8-1e06-48bc-9469-faddc1eeb7ee; sys__username=; sys__password=', 'Content-Type': 'application/x-www-form-urlencoded; charset=UTF-8', 'Content-Length': '57'}
请求正文：invalid_ie_cache=1621303542499&record=2523&account=286923
响应头：{'Access-Control-Allow-Origin': '*', 'Access-Control-Allow-Methods': '*', 'Access-Control-Allow-Headers': '*', 'Access-Control-Max-Age': '1800', 'Content-Type': 'application/json', 'Transfer-Encoding': 'chunked', 'Date': 'Fri, 06 Aug 2021 06:51:01 GMT', 'Keep-Alive': 'timeout=60', 'Connection': 'keep-alive'}
响应正文：{"msg":"修改失败","code":500,"message":"修改失败"}
预期结果"msg":"修改完成"

2021-08-06 14:51:01,837 - root - INFO - user_management  - 52 - 开始执行	修改账号名称为空	测试用例
2021-08-06 14:51:02,006 - root - INFO - user_management  - 54 - 正在进行对比
2021-08-06 14:51:02,007 - root - INFO - user_management  - 55 - case:修改账号名称为空，
请求地址：http://192.168.220.1:8080/users/chanageaccountAction/save	请求方式:POST
请求头：{'User-Agent': 'python-requests/2.22.0', 'Accept-Encoding': 'gzip, deflate', 'Accept': '*/*', 'Connection': 'keep-alive', 'Cookie': 'JSESSIONID=b08930c8-1e06-48bc-9469-faddc1eeb7ee; sys__username=; sys__password=', 'Content-Type': 'application/x-www-form-urlencoded; charset=UTF-8', 'Content-Length': '51'}
请求正文：invalid_ie_cache=1621303542499&record=2523&account=
响应头：{'Access-Control-Allow-Origin': '*', 'Access-Control-Allow-Methods': '*', 'Access-Control-Allow-Headers': '*', 'Access-Control-Max-Age': '1800', 'Content-Type': 'application/json', 'Transfer-Encoding': 'chunked', 'Date': 'Fri, 06 Aug 2021 06:51:01 GMT', 'Keep-Alive': 'timeout=60', 'Connection': 'keep-alive'}
响应正文：{"msg":"修改失败","code":500,"message":"修改失败"}
预期结果"code":500

2021-08-06 14:51:02,009 - root - INFO - user_management  - 52 - 开始执行	修改账号名称已存在	测试用例
2021-08-06 14:51:02,081 - root - INFO - user_management  - 54 - 正在进行对比
2021-08-06 14:51:02,082 - root - INFO - user_management  - 55 - case:修改账号名称已存在，
请求地址：http://192.168.220.1:8080/users/chanageaccountAction/save	请求方式:POST
请求头：{'User-Agent': 'python-requests/2.22.0', 'Accept-Encoding': 'gzip, deflate', 'Accept': '*/*', 'Connection': 'keep-alive', 'Cookie': 'JSESSIONID=b08930c8-1e06-48bc-9469-faddc1eeb7ee; sys__username=; sys__password=', 'Content-Type': 'application/x-www-form-urlencoded; charset=UTF-8', 'Content-Length': '56'}
请求正文：invalid_ie_cache=1621303542499&record=2523&account=admin
响应头：{'Access-Control-Allow-Origin': '*', 'Access-Control-Allow-Methods': '*', 'Access-Control-Allow-Headers': '*', 'Access-Control-Max-Age': '1800', 'Content-Type': 'application/json', 'Transfer-Encoding': 'chunked', 'Date': 'Fri, 06 Aug 2021 06:51:01 GMT', 'Keep-Alive': 'timeout=60', 'Connection': 'keep-alive'}
响应正文：{"msg":"账户名称已经存在，请更换后再试。。。","code":500,"message":"账户名称已经存在，请更换后再试。。。"}
预期结果"msg":"账户名称已经存在，请更换后再试。。。"

2021-08-06 14:51:02,085 - root - INFO - user_management  - 52 - 开始执行	record为空	测试用例
2021-08-06 14:51:02,155 - root - INFO - user_management  - 54 - 正在进行对比
2021-08-06 14:51:02,158 - root - INFO - user_management  - 55 - case:record为空，
请求地址：http://192.168.220.1:8080/users/chanageaccountAction/save	请求方式:POST
请求头：{'User-Agent': 'python-requests/2.22.0', 'Accept-Encoding': 'gzip, deflate', 'Accept': '*/*', 'Connection': 'keep-alive', 'Cookie': 'JSESSIONID=b08930c8-1e06-48bc-9469-faddc1eeb7ee; sys__username=; sys__password=', 'Content-Type': 'application/x-www-form-urlencoded; charset=UTF-8', 'Content-Length': '54'}
请求正文：invalid_ie_cache=1621303542499&record=&account=1111333
响应头：{'Access-Control-Allow-Origin': '*', 'Access-Control-Allow-Methods': '*', 'Access-Control-Allow-Headers': '*', 'Access-Control-Max-Age': '1800', 'Content-Type': 'application/json', 'Transfer-Encoding': 'chunked', 'Date': 'Fri, 06 Aug 2021 06:51:01 GMT', 'Keep-Alive': 'timeout=60', 'Connection': 'keep-alive'}
响应正文：{"msg":"修改失败","code":500,"message":"修改失败"}
预期结果"msg":"修改失败"

2021-08-06 14:51:02,162 - root - INFO - user_management  - 52 - 开始执行	record错误	测试用例
2021-08-06 14:51:02,284 - root - INFO - user_management  - 54 - 正在进行对比
2021-08-06 14:51:02,285 - root - INFO - user_management  - 55 - case:record错误，
请求地址：http://192.168.220.1:8080/users/chanageaccountAction/save	请求方式:POST
请求头：{'User-Agent': 'python-requests/2.22.0', 'Accept-Encoding': 'gzip, deflate', 'Accept': '*/*', 'Connection': 'keep-alive', 'Cookie': 'JSESSIONID=b08930c8-1e06-48bc-9469-faddc1eeb7ee; sys__username=; sys__password=', 'Content-Type': 'application/x-www-form-urlencoded; charset=UTF-8', 'Content-Length': '58'}
请求正文：invalid_ie_cache=1621303542499&record=-789&account=1111333
响应头：{'Access-Control-Allow-Origin': '*', 'Access-Control-Allow-Methods': '*', 'Access-Control-Allow-Headers': '*', 'Access-Control-Max-Age': '1800', 'Content-Type': 'application/json', 'Transfer-Encoding': 'chunked', 'Date': 'Fri, 06 Aug 2021 06:51:01 GMT', 'Keep-Alive': 'timeout=60', 'Connection': 'keep-alive'}
响应正文：{"msg":"修改失败","code":500,"message":"修改失败"}
预期结果"msg":"修改失败"

2021-08-06 14:52:36,230 - root - INFO - user_management  - 40 - 开始执行	密码为13位字符	测试用例
2021-08-06 14:52:36,447 - root - INFO - user_management  - 42 - 正在进行对比
2021-08-06 14:52:36,449 - root - INFO - user_management  - 43 - case:密码为13位字符，
请求地址：http://192.168.220.1:8080/users/save	请求方式:POST
请求头：{'User-Agent': 'python-requests/2.22.0', 'Accept-Encoding': 'gzip, deflate', 'Accept': '*/*', 'Connection': 'keep-alive', 'Cookie': 'JSESSIONID=b08930c8-1e06-48bc-9469-faddc1eeb7ee; sys__username=; sys__password=', 'Content-Type': 'application/x-www-form-urlencoded; charset=UTF-8', 'Content-Length': '186'}
请求正文：departmentid.id=462&directsuperior.id=&is_admin=pt&mailbox=&password=123qw&roleid.id=&sequence=100&status=Active&username=姓名&record=6164&account=375496&mobile=17675521537
响应头：{'Access-Control-Allow-Origin': '*', 'Access-Control-Allow-Methods': '*', 'Access-Control-Allow-Headers': '*', 'Access-Control-Max-Age': '1800', 'Content-Type': 'application/json', 'Transfer-Encoding': 'chunked', 'Date': 'Fri, 06 Aug 2021 06:52:36 GMT', 'Keep-Alive': 'timeout=60', 'Connection': 'keep-alive'}
响应正文：{"msg":"密码长度不能小于6位","code":500,"message":"密码长度不能小于6位"}
预期结果"code":500

2021-08-06 14:52:36,694 - root - INFO - user_management  - 40 - 开始执行	部门为空	测试用例
2021-08-06 14:52:37,856 - root - INFO - user_management  - 42 - 正在进行对比
2021-08-06 14:52:37,857 - root - INFO - user_management  - 43 - case:部门为空，
请求地址：http://192.168.220.1:8080/users/save	请求方式:POST
请求头：{'User-Agent': 'python-requests/2.22.0', 'Accept-Encoding': 'gzip, deflate', 'Accept': '*/*', 'Connection': 'keep-alive', 'Cookie': 'JSESSIONID=b08930c8-1e06-48bc-9469-faddc1eeb7ee; sys__username=; sys__password=', 'Content-Type': 'application/x-www-form-urlencoded; charset=UTF-8', 'Content-Length': '184'}
请求正文：departmentid.id=&directsuperior.id=&is_admin=pt&mailbox=&password=123qwe&roleid.id=&sequence=100&status=Active&username=姓名&record=6165&account=353747&mobile=17655174297
响应头：{'Access-Control-Allow-Origin': '*', 'Access-Control-Allow-Methods': '*', 'Access-Control-Allow-Headers': '*', 'Access-Control-Max-Age': '1800', 'Content-Type': 'application/json', 'Transfer-Encoding': 'chunked', 'Date': 'Fri, 06 Aug 2021 06:52:37 GMT', 'Keep-Alive': 'timeout=60', 'Connection': 'keep-alive'}
响应正文：{"msg":"保存完成！","code":200,"record":"6165","refresh":true,"message":"保存完成！"}
预期结果"code":500

2021-08-06 14:52:38,014 - root - INFO - user_management  - 40 - 开始执行	手机号为空	测试用例
2021-08-06 14:52:38,020 - root - INFO - user_management  - 42 - 正在进行对比
2021-08-06 14:52:38,021 - root - INFO - user_management  - 43 - case:手机号为空，
请求地址：http://192.168.220.1:8080/users/save	请求方式:POST
请求头：{'User-Agent': 'python-requests/2.22.0', 'Accept-Encoding': 'gzip, deflate', 'Accept': '*/*', 'Connection': 'keep-alive', 'Cookie': 'JSESSIONID=b08930c8-1e06-48bc-9469-faddc1eeb7ee; sys__username=; sys__password=', 'Content-Type': 'application/x-www-form-urlencoded; charset=UTF-8', 'Content-Length': '176'}
请求正文：departmentid.id=462&directsuperior.id=&is_admin=pt&mailbox=&password=123qwe&mobile=&roleid.id=&sequence=100&status=Active&username=姓名&record=6166&account=571657
响应头：{'Access-Control-Allow-Origin': '*', 'Access-Control-Allow-Methods': '*', 'Access-Control-Allow-Headers': '*', 'Access-Control-Max-Age': '1800', 'Content-Type': 'application/json', 'Transfer-Encoding': 'chunked', 'Date': 'Fri, 06 Aug 2021 06:52:37 GMT', 'Keep-Alive': 'timeout=60', 'Connection': 'keep-alive'}
响应正文：{"msg":"手机号码不能为空！","code":500,"message":"手机号码不能为空！"}
预期结果"code":500

2021-08-06 14:52:38,193 - root - INFO - user_management  - 40 - 开始执行	手机号已存在	测试用例
2021-08-06 14:52:38,311 - root - INFO - user_management  - 42 - 正在进行对比
2021-08-06 14:52:38,313 - root - INFO - user_management  - 43 - case:手机号已存在，
请求地址：http://192.168.220.1:8080/users/save	请求方式:POST
请求头：{'User-Agent': 'python-requests/2.22.0', 'Accept-Encoding': 'gzip, deflate', 'Accept': '*/*', 'Connection': 'keep-alive', 'Cookie': 'JSESSIONID=b08930c8-1e06-48bc-9469-faddc1eeb7ee; sys__username=; sys__password=', 'Content-Type': 'application/x-www-form-urlencoded; charset=UTF-8', 'Content-Length': '187'}
请求正文：departmentid.id=462&directsuperior.id=&is_admin=pt&mailbox=&password=123qwe&mobile=15974160308&roleid.id=&sequence=100&status=Active&username=姓名&record=6167&account=914852
响应头：{'Access-Control-Allow-Origin': '*', 'Access-Control-Allow-Methods': '*', 'Access-Control-Allow-Headers': '*', 'Access-Control-Max-Age': '1800', 'Content-Type': 'application/json', 'Transfer-Encoding': 'chunked', 'Date': 'Fri, 06 Aug 2021 06:52:37 GMT', 'Keep-Alive': 'timeout=60', 'Connection': 'keep-alive'}
响应正文：{"msg":"手机号码已经存在，请更换后再试。。。","code":500,"message":"手机号码已经存在，请更换后再试。。。"}
预期结果"msg":"手机号码已经存在，请更换后再试。。。"

2021-08-06 14:52:38,477 - root - INFO - user_management  - 40 - 开始执行	手机号错误	测试用例
2021-08-06 14:52:38,600 - root - INFO - user_management  - 42 - 正在进行对比
2021-08-06 14:52:38,602 - root - INFO - user_management  - 43 - case:手机号错误，
请求地址：http://192.168.220.1:8080/users/save	请求方式:POST
请求头：{'User-Agent': 'python-requests/2.22.0', 'Accept-Encoding': 'gzip, deflate', 'Accept': '*/*', 'Connection': 'keep-alive', 'Cookie': 'JSESSIONID=b08930c8-1e06-48bc-9469-faddc1eeb7ee; sys__username=; sys__password=', 'Content-Type': 'application/x-www-form-urlencoded; charset=UTF-8', 'Content-Length': '179'}
请求正文：departmentid.id=462&directsuperior.id=&is_admin=pt&mailbox=&password=123qwe&mobile=110&roleid.id=&sequence=100&status=Active&username=姓名&record=6168&account=244975
响应头：{'Access-Control-Allow-Origin': '*', 'Access-Control-Allow-Methods': '*', 'Access-Control-Allow-Headers': '*', 'Access-Control-Max-Age': '1800', 'Content-Type': 'application/json', 'Transfer-Encoding': 'chunked', 'Date': 'Fri, 06 Aug 2021 06:52:37 GMT', 'Keep-Alive': 'timeout=60', 'Connection': 'keep-alive'}
响应正文：{"msg":"手机号码已经存在，请更换后再试。。。","code":500,"message":"手机号码已经存在，请更换后再试。。。"}
预期结果"code":500

2021-08-06 14:52:38,746 - root - INFO - user_management  - 40 - 开始执行	排序号为空	测试用例
2021-08-06 14:52:39,239 - root - INFO - user_management  - 42 - 正在进行对比
2021-08-06 14:52:39,240 - root - INFO - user_management  - 43 - case:排序号为空，
请求地址：http://192.168.220.1:8080/users/save	请求方式:POST
请求头：{'User-Agent': 'python-requests/2.22.0', 'Accept-Encoding': 'gzip, deflate', 'Accept': '*/*', 'Connection': 'keep-alive', 'Cookie': 'JSESSIONID=b08930c8-1e06-48bc-9469-faddc1eeb7ee; sys__username=; sys__password=', 'Content-Type': 'application/x-www-form-urlencoded; charset=UTF-8', 'Content-Length': '184'}
请求正文：departmentid.id=462&directsuperior.id=&is_admin=pt&mailbox=&password=123qwe&roleid.id=&sequence=&status=Active&username=姓名&record=6169&account=732924&mobile=17692157599
响应头：{'Access-Control-Allow-Origin': '*', 'Access-Control-Allow-Methods': '*', 'Access-Control-Allow-Headers': '*', 'Access-Control-Max-Age': '1800', 'Content-Type': 'application/json', 'Transfer-Encoding': 'chunked', 'Date': 'Fri, 06 Aug 2021 06:52:39 GMT', 'Keep-Alive': 'timeout=60', 'Connection': 'keep-alive'}
响应正文：{"msg":"保存完成！","code":200,"record":"6169","refresh":true,"message":"保存完成！"}
预期结果"code":500

2021-08-06 14:52:39,417 - root - INFO - user_management  - 40 - 开始执行	用户类型为空	测试用例
2021-08-06 14:52:39,784 - root - INFO - user_management  - 42 - 正在进行对比
2021-08-06 14:52:39,786 - root - INFO - user_management  - 43 - case:用户类型为空，
请求地址：http://192.168.220.1:8080/users/save	请求方式:POST
请求头：{'User-Agent': 'python-requests/2.22.0', 'Accept-Encoding': 'gzip, deflate', 'Accept': '*/*', 'Connection': 'keep-alive', 'Cookie': 'JSESSIONID=b08930c8-1e06-48bc-9469-faddc1eeb7ee; sys__username=; sys__password=', 'Content-Type': 'application/x-www-form-urlencoded; charset=UTF-8', 'Content-Length': '185'}
请求正文：departmentid.id=462&directsuperior.id=&is_admin=&mailbox=&password=123qwe&roleid.id=&sequence=100&status=Active&username=姓名&record=6170&account=328937&mobile=17691652456
响应头：{'Access-Control-Allow-Origin': '*', 'Access-Control-Allow-Methods': '*', 'Access-Control-Allow-Headers': '*', 'Access-Control-Max-Age': '1800', 'Content-Type': 'application/json', 'Transfer-Encoding': 'chunked', 'Date': 'Fri, 06 Aug 2021 06:52:39 GMT', 'Keep-Alive': 'timeout=60', 'Connection': 'keep-alive'}
响应正文：{"msg":"创建用户失败，请稍后再试。。。","code":500,"message":"创建用户失败，请稍后再试。。。"}
预期结果"msg":"创建用户失败，请稍后再试。。。"

2021-08-06 14:52:39,924 - root - INFO - user_management  - 40 - 开始执行	账号名称为空	测试用例
2021-08-06 14:52:39,931 - root - INFO - user_management  - 42 - 正在进行对比
2021-08-06 14:52:39,932 - root - INFO - user_management  - 43 - case:账号名称为空，
请求地址：http://192.168.220.1:8080/users/save	请求方式:POST
请求头：{'User-Agent': 'python-requests/2.22.0', 'Accept-Encoding': 'gzip, deflate', 'Accept': '*/*', 'Connection': 'keep-alive', 'Cookie': 'JSESSIONID=b08930c8-1e06-48bc-9469-faddc1eeb7ee; sys__username=; sys__password=', 'Content-Type': 'application/x-www-form-urlencoded; charset=UTF-8', 'Content-Length': '181'}
请求正文：account=&departmentid.id=462&directsuperior.id=&is_admin=pt&mailbox=&password=123qwe&roleid.id=&sequence=100&status=Active&username=姓名&record=6171&mobile=17656836134
响应头：{'Access-Control-Allow-Origin': '*', 'Access-Control-Allow-Methods': '*', 'Access-Control-Allow-Headers': '*', 'Access-Control-Max-Age': '1800', 'Content-Type': 'application/json', 'Transfer-Encoding': 'chunked', 'Date': 'Fri, 06 Aug 2021 06:52:39 GMT', 'Keep-Alive': 'timeout=60', 'Connection': 'keep-alive'}
响应正文：{"msg":"账户名称不能为空！","code":500,"message":"账户名称不能为空！"}
预期结果"code":500

2021-08-06 14:52:40,099 - root - INFO - user_management  - 40 - 开始执行	账号名称已存在	测试用例
2021-08-06 14:52:40,155 - root - INFO - user_management  - 42 - 正在进行对比
2021-08-06 14:52:40,156 - root - INFO - user_management  - 43 - case:账号名称已存在，
请求地址：http://192.168.220.1:8080/users/save	请求方式:POST
请求头：{'User-Agent': 'python-requests/2.22.0', 'Accept-Encoding': 'gzip, deflate', 'Accept': '*/*', 'Connection': 'keep-alive', 'Cookie': 'JSESSIONID=b08930c8-1e06-48bc-9469-faddc1eeb7ee; sys__username=; sys__password=', 'Content-Type': 'application/x-www-form-urlencoded; charset=UTF-8', 'Content-Length': '186'}
请求正文：account=admin&departmentid.id=462&directsuperior.id=&is_admin=pt&mailbox=&password=123qwe&roleid.id=&sequence=100&status=Active&username=姓名&record=6172&mobile=17646565746
响应头：{'Access-Control-Allow-Origin': '*', 'Access-Control-Allow-Methods': '*', 'Access-Control-Allow-Headers': '*', 'Access-Control-Max-Age': '1800', 'Content-Type': 'application/json', 'Transfer-Encoding': 'chunked', 'Date': 'Fri, 06 Aug 2021 06:52:39 GMT', 'Keep-Alive': 'timeout=60', 'Connection': 'keep-alive'}
响应正文：{"msg":"账户名称已经存在，请更换后再试。。。","code":500,"message":"账户名称已经存在，请更换后再试。。。"}
预期结果"msg":"账户名称已经存在，请更换后再试。。。"

2021-08-06 14:52:40,281 - root - INFO - user_management  - 40 - 开始执行	姓名为空	测试用例
2021-08-06 14:52:40,743 - root - INFO - user_management  - 42 - 正在进行对比
2021-08-06 14:52:40,745 - root - INFO - user_management  - 43 - case:姓名为空，
请求地址：http://192.168.220.1:8080/users/save	请求方式:POST
请求头：{'User-Agent': 'python-requests/2.22.0', 'Accept-Encoding': 'gzip, deflate', 'Accept': '*/*', 'Connection': 'keep-alive', 'Cookie': 'JSESSIONID=b08930c8-1e06-48bc-9469-faddc1eeb7ee; sys__username=; sys__password=', 'Content-Type': 'application/x-www-form-urlencoded; charset=UTF-8', 'Content-Length': '169'}
请求正文：departmentid.id=462&directsuperior.id=&is_admin=pt&mailbox=&password=123qwe&roleid.id=&sequence=100&status=Active&username=&record=6173&account=828747&mobile=17677559658
响应头：{'Access-Control-Allow-Origin': '*', 'Access-Control-Allow-Methods': '*', 'Access-Control-Allow-Headers': '*', 'Access-Control-Max-Age': '1800', 'Content-Type': 'application/json', 'Transfer-Encoding': 'chunked', 'Date': 'Fri, 06 Aug 2021 06:52:40 GMT', 'Keep-Alive': 'timeout=60', 'Connection': 'keep-alive'}
响应正文：{"msg":"保存完成！","code":200,"record":"6173","refresh":true,"message":"保存完成！"}
预期结果"code":500

2021-08-06 14:52:40,927 - root - INFO - user_management  - 40 - 开始执行	密码为空	测试用例
2021-08-06 14:52:41,103 - root - INFO - user_management  - 42 - 正在进行对比
2021-08-06 14:52:41,104 - root - INFO - user_management  - 43 - case:密码为空，
请求地址：http://192.168.220.1:8080/users/save	请求方式:POST
请求头：{'User-Agent': 'python-requests/2.22.0', 'Accept-Encoding': 'gzip, deflate', 'Accept': '*/*', 'Connection': 'keep-alive', 'Cookie': 'JSESSIONID=b08930c8-1e06-48bc-9469-faddc1eeb7ee; sys__username=; sys__password=', 'Content-Type': 'application/x-www-form-urlencoded; charset=UTF-8', 'Content-Length': '181'}
请求正文：departmentid.id=462&directsuperior.id=&is_admin=pt&mailbox=&password=&roleid.id=&sequence=100&status=Active&username=姓名&record=6174&account=273334&mobile=17631934724
响应头：{'Access-Control-Allow-Origin': '*', 'Access-Control-Allow-Methods': '*', 'Access-Control-Allow-Headers': '*', 'Access-Control-Max-Age': '1800', 'Content-Type': 'application/json', 'Transfer-Encoding': 'chunked', 'Date': 'Fri, 06 Aug 2021 06:52:40 GMT', 'Keep-Alive': 'timeout=60', 'Connection': 'keep-alive'}
响应正文：{"msg":"账号密码不能为空","code":500,"message":"账号密码不能为空"}
预期结果"msg":"账号密码不能为空"

2021-08-06 14:52:41,291 - root - INFO - user_management  - 40 - 开始执行	密码为5位字符	测试用例
2021-08-06 14:52:41,491 - root - INFO - user_management  - 42 - 正在进行对比
2021-08-06 14:52:41,492 - root - INFO - user_management  - 43 - case:密码为5位字符，
请求地址：http://192.168.220.1:8080/users/save	请求方式:POST
请求头：{'User-Agent': 'python-requests/2.22.0', 'Accept-Encoding': 'gzip, deflate', 'Accept': '*/*', 'Connection': 'keep-alive', 'Cookie': 'JSESSIONID=b08930c8-1e06-48bc-9469-faddc1eeb7ee; sys__username=; sys__password=', 'Content-Type': 'application/x-www-form-urlencoded; charset=UTF-8', 'Content-Length': '186'}
请求正文：departmentid.id=462&directsuperior.id=&is_admin=pt&mailbox=&password=123qw&roleid.id=&sequence=100&status=Active&username=姓名&record=6175&account=433766&mobile=17624121132
响应头：{'Access-Control-Allow-Origin': '*', 'Access-Control-Allow-Methods': '*', 'Access-Control-Allow-Headers': '*', 'Access-Control-Max-Age': '1800', 'Content-Type': 'application/json', 'Transfer-Encoding': 'chunked', 'Date': 'Fri, 06 Aug 2021 06:52:41 GMT', 'Keep-Alive': 'timeout=60', 'Connection': 'keep-alive'}
响应正文：{"msg":"密码长度不能小于6位","code":500,"message":"密码长度不能小于6位"}
预期结果"msg":"密码长度不能小于6位"

2021-08-06 14:52:41,651 - root - INFO - user_management  - 40 - 开始执行	密码为6位纯数字	测试用例
2021-08-06 14:52:41,806 - root - INFO - user_management  - 42 - 正在进行对比
2021-08-06 14:52:41,808 - root - INFO - user_management  - 43 - case:密码为6位纯数字，
请求地址：http://192.168.220.1:8080/users/save	请求方式:POST
请求头：{'User-Agent': 'python-requests/2.22.0', 'Accept-Encoding': 'gzip, deflate', 'Accept': '*/*', 'Connection': 'keep-alive', 'Cookie': 'JSESSIONID=b08930c8-1e06-48bc-9469-faddc1eeb7ee; sys__username=; sys__password=', 'Content-Type': 'application/x-www-form-urlencoded; charset=UTF-8', 'Content-Length': '187'}
请求正文：departmentid.id=462&directsuperior.id=&is_admin=pt&mailbox=&password=123456&roleid.id=&sequence=100&status=Active&username=姓名&record=6176&account=274932&mobile=17677335371
响应头：{'Access-Control-Allow-Origin': '*', 'Access-Control-Allow-Methods': '*', 'Access-Control-Allow-Headers': '*', 'Access-Control-Max-Age': '1800', 'Content-Type': 'application/json', 'Transfer-Encoding': 'chunked', 'Date': 'Fri, 06 Aug 2021 06:52:41 GMT', 'Keep-Alive': 'timeout=60', 'Connection': 'keep-alive'}
响应正文：{"msg":"密码必须同时包含数字与字母!","code":500,"message":"密码必须同时包含数字与字母!"}
预期结果"msg":"密码必须同时包含数字与字母!"

2021-08-06 14:52:42,018 - root - INFO - user_management  - 40 - 开始执行	密码为6位纯英文	测试用例
2021-08-06 14:52:42,212 - root - INFO - user_management  - 42 - 正在进行对比
2021-08-06 14:52:42,213 - root - INFO - user_management  - 43 - case:密码为6位纯英文，
请求地址：http://192.168.220.1:8080/users/save	请求方式:POST
请求头：{'User-Agent': 'python-requests/2.22.0', 'Accept-Encoding': 'gzip, deflate', 'Accept': '*/*', 'Connection': 'keep-alive', 'Cookie': 'JSESSIONID=b08930c8-1e06-48bc-9469-faddc1eeb7ee; sys__username=; sys__password=', 'Content-Type': 'application/x-www-form-urlencoded; charset=UTF-8', 'Content-Length': '187'}
请求正文：departmentid.id=462&directsuperior.id=&is_admin=pt&mailbox=&password=qwerqw&roleid.id=&sequence=100&status=Active&username=姓名&record=6177&account=987741&mobile=17632255816
响应头：{'Access-Control-Allow-Origin': '*', 'Access-Control-Allow-Methods': '*', 'Access-Control-Allow-Headers': '*', 'Access-Control-Max-Age': '1800', 'Content-Type': 'application/json', 'Transfer-Encoding': 'chunked', 'Date': 'Fri, 06 Aug 2021 06:52:41 GMT', 'Keep-Alive': 'timeout=60', 'Connection': 'keep-alive'}
响应正文：{"msg":"密码必须同时包含数字与字母!","code":500,"message":"密码必须同时包含数字与字母!"}
预期结果"msg":"密码必须同时包含数字与字母!"

2021-08-06 14:52:42,354 - root - INFO - user_management  - 40 - 开始执行	密码为12位纯数字	测试用例
2021-08-06 14:52:42,584 - root - INFO - user_management  - 42 - 正在进行对比
2021-08-06 14:52:42,585 - root - INFO - user_management  - 43 - case:密码为12位纯数字，
请求地址：http://192.168.220.1:8080/users/save	请求方式:POST
请求头：{'User-Agent': 'python-requests/2.22.0', 'Accept-Encoding': 'gzip, deflate', 'Accept': '*/*', 'Connection': 'keep-alive', 'Cookie': 'JSESSIONID=b08930c8-1e06-48bc-9469-faddc1eeb7ee; sys__username=; sys__password=', 'Content-Type': 'application/x-www-form-urlencoded; charset=UTF-8', 'Content-Length': '193'}
请求正文：departmentid.id=462&directsuperior.id=&is_admin=pt&mailbox=&password=123456654321&roleid.id=&sequence=100&status=Active&username=姓名&record=6178&account=432293&mobile=17664187988
响应头：{'Access-Control-Allow-Origin': '*', 'Access-Control-Allow-Methods': '*', 'Access-Control-Allow-Headers': '*', 'Access-Control-Max-Age': '1800', 'Content-Type': 'application/json', 'Transfer-Encoding': 'chunked', 'Date': 'Fri, 06 Aug 2021 06:52:42 GMT', 'Keep-Alive': 'timeout=60', 'Connection': 'keep-alive'}
响应正文：{"msg":"密码必须同时包含数字与字母!","code":500,"message":"密码必须同时包含数字与字母!"}
预期结果"msg":"密码必须同时包含数字与字母!"

2021-08-06 14:52:42,745 - root - INFO - user_management  - 40 - 开始执行	密码为12位纯英文	测试用例
2021-08-06 14:52:42,918 - root - INFO - user_management  - 42 - 正在进行对比
2021-08-06 14:52:42,919 - root - INFO - user_management  - 43 - case:密码为12位纯英文，
请求地址：http://192.168.220.1:8080/users/save	请求方式:POST
请求头：{'User-Agent': 'python-requests/2.22.0', 'Accept-Encoding': 'gzip, deflate', 'Accept': '*/*', 'Connection': 'keep-alive', 'Cookie': 'JSESSIONID=b08930c8-1e06-48bc-9469-faddc1eeb7ee; sys__username=; sys__password=', 'Content-Type': 'application/x-www-form-urlencoded; charset=UTF-8', 'Content-Length': '193'}
请求正文：departmentid.id=462&directsuperior.id=&is_admin=pt&mailbox=&password=qwerqwasdfgh&roleid.id=&sequence=100&status=Active&username=姓名&record=6179&account=599323&mobile=17666429486
响应头：{'Access-Control-Allow-Origin': '*', 'Access-Control-Allow-Methods': '*', 'Access-Control-Allow-Headers': '*', 'Access-Control-Max-Age': '1800', 'Content-Type': 'application/json', 'Transfer-Encoding': 'chunked', 'Date': 'Fri, 06 Aug 2021 06:52:42 GMT', 'Keep-Alive': 'timeout=60', 'Connection': 'keep-alive'}
响应正文：{"msg":"密码必须同时包含数字与字母!","code":500,"message":"密码必须同时包含数字与字母!"}
预期结果"msg":"密码必须同时包含数字与字母!"

2021-08-06 14:52:42,922 - root - INFO - user_management  - 61 - 开始执行	停用正常用户	测试用例
2021-08-06 14:52:42,998 - root - INFO - user_management  - 63 - 正在进行对比
2021-08-06 14:52:42,999 - root - INFO - user_management  - 64 - case:停用正常用户，
请求地址：http://192.168.220.1:8080/users/inactiveAction/ajax	请求方式:POST
请求头：{'User-Agent': 'python-requests/2.22.0', 'Accept-Encoding': 'gzip, deflate', 'Accept': '*/*', 'Connection': 'keep-alive', 'Cookie': 'JSESSIONID=b08930c8-1e06-48bc-9469-faddc1eeb7ee; sys__username=; sys__password=', 'Content-Type': 'application/x-www-form-urlencoded; charset=UTF-8', 'Content-Length': '14'}
请求正文：ids[]=2900
响应头：{'Access-Control-Allow-Origin': '*', 'Access-Control-Allow-Methods': '*', 'Access-Control-Allow-Headers': '*', 'Access-Control-Max-Age': '1800', 'Content-Type': 'application/json', 'Transfer-Encoding': 'chunked', 'Date': 'Fri, 06 Aug 2021 06:52:42 GMT', 'Keep-Alive': 'timeout=60', 'Connection': 'keep-alive'}
响应正文：{"msg":"停用成功！","code":200,"refresh":true,"message":"停用成功！"}
预期结果"msg":"停用成功！"

2021-08-06 14:52:43,000 - root - INFO - user_management  - 61 - 开始执行	停用id为空	测试用例
2021-08-06 14:52:43,006 - root - INFO - user_management  - 63 - 正在进行对比
2021-08-06 14:52:43,007 - root - INFO - user_management  - 64 - case:停用id为空，
请求地址：http://192.168.220.1:8080/users/inactiveAction/ajax	请求方式:POST
请求头：{'User-Agent': 'python-requests/2.22.0', 'Accept-Encoding': 'gzip, deflate', 'Accept': '*/*', 'Connection': 'keep-alive', 'Cookie': 'JSESSIONID=b08930c8-1e06-48bc-9469-faddc1eeb7ee; sys__username=; sys__password=', 'Content-Type': 'application/x-www-form-urlencoded; charset=UTF-8', 'Content-Length': '10'}
请求正文：ids[]=
响应头：{'Access-Control-Allow-Origin': '*', 'Access-Control-Allow-Methods': '*', 'Access-Control-Allow-Headers': '*', 'Access-Control-Max-Age': '1800', 'Content-Type': 'application/json', 'Transfer-Encoding': 'chunked', 'Date': 'Fri, 06 Aug 2021 06:52:42 GMT', 'Keep-Alive': 'timeout=60', 'Connection': 'keep-alive'}
响应正文：{"msg":"停用失败，请稍候再试。。。","code":500,"message":"停用失败，请稍候再试。。。"}
预期结果"msg":"停用失败，请稍候再试。。。"

2021-08-06 14:52:43,009 - root - INFO - user_management  - 61 - 开始执行	停用admin用户	测试用例
2021-08-06 14:52:43,061 - root - INFO - user_management  - 63 - 正在进行对比
2021-08-06 14:52:43,063 - root - INFO - user_management  - 64 - case:停用admin用户，
请求地址：http://192.168.220.1:8080/users/inactiveAction/ajax	请求方式:POST
请求头：{'User-Agent': 'python-requests/2.22.0', 'Accept-Encoding': 'gzip, deflate', 'Accept': '*/*', 'Connection': 'keep-alive', 'Cookie': 'JSESSIONID=b08930c8-1e06-48bc-9469-faddc1eeb7ee; sys__username=; sys__password=', 'Content-Type': 'application/x-www-form-urlencoded; charset=UTF-8', 'Content-Length': '11'}
请求正文：ids[]=1
响应头：{'Access-Control-Allow-Origin': '*', 'Access-Control-Allow-Methods': '*', 'Access-Control-Allow-Headers': '*', 'Access-Control-Max-Age': '1800', 'Content-Type': 'application/json', 'Transfer-Encoding': 'chunked', 'Date': 'Fri, 06 Aug 2021 06:52:42 GMT', 'Keep-Alive': 'timeout=60', 'Connection': 'keep-alive'}
响应正文：{"msg":"【admin】不能被停用！","code":500,"message":"【admin】不能被停用！"}
预期结果"msg":"【admin】不能被停用！"

2021-08-06 14:52:43,066 - root - INFO - user_management  - 61 - 开始执行	启用已停用用户	测试用例
2021-08-06 14:52:43,135 - root - INFO - user_management  - 63 - 正在进行对比
2021-08-06 14:52:43,136 - root - INFO - user_management  - 64 - case:启用已停用用户，
请求地址：http://192.168.220.1:8080/users/activeAction/ajax	请求方式:POST
请求头：{'User-Agent': 'python-requests/2.22.0', 'Accept-Encoding': 'gzip, deflate', 'Accept': '*/*', 'Connection': 'keep-alive', 'Cookie': 'JSESSIONID=b08930c8-1e06-48bc-9469-faddc1eeb7ee; sys__username=; sys__password=', 'Content-Type': 'application/x-www-form-urlencoded; charset=UTF-8', 'Content-Length': '14'}
请求正文：ids[]=2900
响应头：{'Access-Control-Allow-Origin': '*', 'Access-Control-Allow-Methods': '*', 'Access-Control-Allow-Headers': '*', 'Access-Control-Max-Age': '1800', 'Content-Type': 'application/json', 'Transfer-Encoding': 'chunked', 'Date': 'Fri, 06 Aug 2021 06:52:42 GMT', 'Keep-Alive': 'timeout=60', 'Connection': 'keep-alive'}
响应正文：{"msg":"启用成功！","code":200,"refresh":true,"message":"启用成功！"}
预期结果"msg":"启用成功！"

2021-08-06 14:52:43,139 - root - INFO - user_management  - 61 - 开始执行	启用id为空	测试用例
2021-08-06 14:52:43,146 - root - INFO - user_management  - 63 - 正在进行对比
2021-08-06 14:52:43,147 - root - INFO - user_management  - 64 - case:启用id为空，
请求地址：http://192.168.220.1:8080/users/activeAction/ajax	请求方式:POST
请求头：{'User-Agent': 'python-requests/2.22.0', 'Accept-Encoding': 'gzip, deflate', 'Accept': '*/*', 'Connection': 'keep-alive', 'Cookie': 'JSESSIONID=b08930c8-1e06-48bc-9469-faddc1eeb7ee; sys__username=; sys__password=', 'Content-Type': 'application/x-www-form-urlencoded; charset=UTF-8', 'Content-Length': '10'}
请求正文：ids[]=
响应头：{'Access-Control-Allow-Origin': '*', 'Access-Control-Allow-Methods': '*', 'Access-Control-Allow-Headers': '*', 'Access-Control-Max-Age': '1800', 'Content-Type': 'application/json', 'Transfer-Encoding': 'chunked', 'Date': 'Fri, 06 Aug 2021 06:52:42 GMT', 'Keep-Alive': 'timeout=60', 'Connection': 'keep-alive'}
响应正文：{"msg":"启用失败，请稍候再试。。。","code":500,"message":"启用失败，请稍候再试。。。"}
预期结果"msg":"启用失败，请稍候再试。。。"

2021-08-06 14:52:43,149 - root - INFO - user_management  - 52 - 开始执行	修改账号名称为正确数据	测试用例
2021-08-06 14:52:43,359 - root - INFO - user_management  - 54 - 正在进行对比
2021-08-06 14:52:43,360 - root - INFO - user_management  - 55 - case:修改账号名称为正确数据，
请求地址：http://192.168.220.1:8080/users/chanageaccountAction/save	请求方式:POST
请求头：{'User-Agent': 'python-requests/2.22.0', 'Accept-Encoding': 'gzip, deflate', 'Accept': '*/*', 'Connection': 'keep-alive', 'Cookie': 'JSESSIONID=b08930c8-1e06-48bc-9469-faddc1eeb7ee; sys__username=; sys__password=', 'Content-Type': 'application/x-www-form-urlencoded; charset=UTF-8', 'Content-Length': '57'}
请求正文：invalid_ie_cache=1621303542499&record=2523&account=299946
响应头：{'Access-Control-Allow-Origin': '*', 'Access-Control-Allow-Methods': '*', 'Access-Control-Allow-Headers': '*', 'Access-Control-Max-Age': '1800', 'Content-Type': 'application/json', 'Transfer-Encoding': 'chunked', 'Date': 'Fri, 06 Aug 2021 06:52:43 GMT', 'Keep-Alive': 'timeout=60', 'Connection': 'keep-alive'}
响应正文：{"msg":"修改失败","code":500,"message":"修改失败"}
预期结果"msg":"修改完成"

2021-08-06 14:52:43,362 - root - INFO - user_management  - 52 - 开始执行	修改账号名称为空	测试用例
2021-08-06 14:52:43,543 - root - INFO - user_management  - 54 - 正在进行对比
2021-08-06 14:52:43,544 - root - INFO - user_management  - 55 - case:修改账号名称为空，
请求地址：http://192.168.220.1:8080/users/chanageaccountAction/save	请求方式:POST
请求头：{'User-Agent': 'python-requests/2.22.0', 'Accept-Encoding': 'gzip, deflate', 'Accept': '*/*', 'Connection': 'keep-alive', 'Cookie': 'JSESSIONID=b08930c8-1e06-48bc-9469-faddc1eeb7ee; sys__username=; sys__password=', 'Content-Type': 'application/x-www-form-urlencoded; charset=UTF-8', 'Content-Length': '51'}
请求正文：invalid_ie_cache=1621303542499&record=2523&account=
响应头：{'Access-Control-Allow-Origin': '*', 'Access-Control-Allow-Methods': '*', 'Access-Control-Allow-Headers': '*', 'Access-Control-Max-Age': '1800', 'Content-Type': 'application/json', 'Transfer-Encoding': 'chunked', 'Date': 'Fri, 06 Aug 2021 06:52:43 GMT', 'Keep-Alive': 'timeout=60', 'Connection': 'keep-alive'}
响应正文：{"msg":"修改失败","code":500,"message":"修改失败"}
预期结果"code":500

2021-08-06 14:52:43,546 - root - INFO - user_management  - 52 - 开始执行	修改账号名称已存在	测试用例
2021-08-06 14:52:43,614 - root - INFO - user_management  - 54 - 正在进行对比
2021-08-06 14:52:43,616 - root - INFO - user_management  - 55 - case:修改账号名称已存在，
请求地址：http://192.168.220.1:8080/users/chanageaccountAction/save	请求方式:POST
请求头：{'User-Agent': 'python-requests/2.22.0', 'Accept-Encoding': 'gzip, deflate', 'Accept': '*/*', 'Connection': 'keep-alive', 'Cookie': 'JSESSIONID=b08930c8-1e06-48bc-9469-faddc1eeb7ee; sys__username=; sys__password=', 'Content-Type': 'application/x-www-form-urlencoded; charset=UTF-8', 'Content-Length': '56'}
请求正文：invalid_ie_cache=1621303542499&record=2523&account=admin
响应头：{'Access-Control-Allow-Origin': '*', 'Access-Control-Allow-Methods': '*', 'Access-Control-Allow-Headers': '*', 'Access-Control-Max-Age': '1800', 'Content-Type': 'application/json', 'Transfer-Encoding': 'chunked', 'Date': 'Fri, 06 Aug 2021 06:52:43 GMT', 'Keep-Alive': 'timeout=60', 'Connection': 'keep-alive'}
响应正文：{"msg":"账户名称已经存在，请更换后再试。。。","code":500,"message":"账户名称已经存在，请更换后再试。。。"}
预期结果"msg":"账户名称已经存在，请更换后再试。。。"

2021-08-06 14:52:43,619 - root - INFO - user_management  - 52 - 开始执行	record为空	测试用例
2021-08-06 14:52:43,690 - root - INFO - user_management  - 54 - 正在进行对比
2021-08-06 14:52:43,692 - root - INFO - user_management  - 55 - case:record为空，
请求地址：http://192.168.220.1:8080/users/chanageaccountAction/save	请求方式:POST
请求头：{'User-Agent': 'python-requests/2.22.0', 'Accept-Encoding': 'gzip, deflate', 'Accept': '*/*', 'Connection': 'keep-alive', 'Cookie': 'JSESSIONID=b08930c8-1e06-48bc-9469-faddc1eeb7ee; sys__username=; sys__password=', 'Content-Type': 'application/x-www-form-urlencoded; charset=UTF-8', 'Content-Length': '54'}
请求正文：invalid_ie_cache=1621303542499&record=&account=1111333
响应头：{'Access-Control-Allow-Origin': '*', 'Access-Control-Allow-Methods': '*', 'Access-Control-Allow-Headers': '*', 'Access-Control-Max-Age': '1800', 'Content-Type': 'application/json', 'Transfer-Encoding': 'chunked', 'Date': 'Fri, 06 Aug 2021 06:52:43 GMT', 'Keep-Alive': 'timeout=60', 'Connection': 'keep-alive'}
响应正文：{"msg":"修改失败","code":500,"message":"修改失败"}
预期结果"msg":"修改失败"

2021-08-06 14:52:43,694 - root - INFO - user_management  - 52 - 开始执行	record错误	测试用例
2021-08-06 14:52:43,804 - root - INFO - user_management  - 54 - 正在进行对比
2021-08-06 14:52:43,805 - root - INFO - user_management  - 55 - case:record错误，
请求地址：http://192.168.220.1:8080/users/chanageaccountAction/save	请求方式:POST
请求头：{'User-Agent': 'python-requests/2.22.0', 'Accept-Encoding': 'gzip, deflate', 'Accept': '*/*', 'Connection': 'keep-alive', 'Cookie': 'JSESSIONID=b08930c8-1e06-48bc-9469-faddc1eeb7ee; sys__username=; sys__password=', 'Content-Type': 'application/x-www-form-urlencoded; charset=UTF-8', 'Content-Length': '58'}
请求正文：invalid_ie_cache=1621303542499&record=-789&account=1111333
响应头：{'Access-Control-Allow-Origin': '*', 'Access-Control-Allow-Methods': '*', 'Access-Control-Allow-Headers': '*', 'Access-Control-Max-Age': '1800', 'Content-Type': 'application/json', 'Transfer-Encoding': 'chunked', 'Date': 'Fri, 06 Aug 2021 06:52:43 GMT', 'Keep-Alive': 'timeout=60', 'Connection': 'keep-alive'}
响应正文：{"msg":"修改失败","code":500,"message":"修改失败"}
预期结果"msg":"修改失败"

