2021-08-05 18:22:34,480 - root - INFO - user_management  - 61 - 开始执行	停用正常用户	测试用例
2021-08-05 18:22:34,525 - root - INFO - user_management  - 63 - 正在进行对比
2021-08-05 18:22:34,532 - root - INFO - user_management  - 61 - 开始执行	停用id为空	测试用例
2021-08-05 18:22:34,561 - root - INFO - user_management  - 63 - 正在进行对比
2021-08-05 18:22:34,567 - root - INFO - user_management  - 61 - 开始执行	停用admin用户	测试用例
2021-08-05 18:22:34,599 - root - INFO - user_management  - 63 - 正在进行对比
2021-08-05 18:22:34,604 - root - INFO - user_management  - 61 - 开始执行	启用已停用用户	测试用例
2021-08-05 18:22:34,638 - root - INFO - user_management  - 63 - 正在进行对比
2021-08-05 18:22:34,645 - root - INFO - user_management  - 61 - 开始执行	启用id为空	测试用例
2021-08-05 18:22:34,679 - root - INFO - user_management  - 63 - 正在进行对比
2021-08-05 18:22:34,684 - root - INFO - user_management  - 52 - 开始执行	修改账号名称为正确数据	测试用例
2021-08-05 18:22:34,727 - root - INFO - user_management  - 54 - 正在进行对比
2021-08-05 18:22:34,732 - root - INFO - user_management  - 52 - 开始执行	修改账号名称为空	测试用例
2021-08-05 18:22:34,761 - root - INFO - user_management  - 54 - 正在进行对比
2021-08-05 18:22:34,766 - root - INFO - user_management  - 52 - 开始执行	修改账号名称已存在	测试用例
2021-08-05 18:22:34,801 - root - INFO - user_management  - 54 - 正在进行对比
2021-08-05 18:22:34,807 - root - INFO - user_management  - 52 - 开始执行	record为空	测试用例
2021-08-05 18:22:34,854 - root - INFO - user_management  - 54 - 正在进行对比
2021-08-05 18:22:34,859 - root - INFO - user_management  - 52 - 开始执行	record错误	测试用例
2021-08-05 18:22:34,889 - root - INFO - user_management  - 54 - 正在进行对比
